OpenGL vendor string:   Intel Open Source Technology Center
OpenGL renderer string: Mesa DRI Intel(R) HD Graphics 630 (Kaby Lake GT2) 
OpenGL version string:  3.0 Mesa 18.0.5

Not software rendered:    [32;01myes[00m
Not blacklisted:          [32;01myes[00m
GLX fbconfig:             [32;01myes[00m
GLX texture from pixmap:  [32;01myes[00m
GL npot or rect textures: [32;01myes[00m
GL vertex program:        [32;01myes[00m
GL fragment program:      [32;01myes[00m
GL vertex buffer object:  [32;01myes[00m
GL framebuffer object:    [32;01myes[00m
GL version is 1.4+:       [32;01myes[00m

Unity 3D supported:       [32;01myes[00m
Using compiz profile 'ubuntu:unity'
dbus-update-activation-environment: setting COMPIZ_CONFIG_PROFILE=ubuntu
dbus-update-activation-environment: setting UNITY_HAS_3D_SUPPORT=true
dbus-update-activation-environment: setting UNITY_DEFAULT_PROFILE=unity
compizconfig - Info: Backend     : gsettings
compizconfig - Info: Integration : true
compizconfig - Info: Profile     : unity
compizconfig - Warning: unable to lock file /usr/share/compizconfig/upgrades/com.canonical.unity.unity-lowgfx.01.upgrade, reads may conflict
compizconfig - Warning: unable to lock file /etc/compizconfig/unity-lowgfx.ini, reads may conflict
compizconfig - Warning: unable to lock file /usr/share/compizconfig/upgrades/com.canonical.unity.unity.01.upgrade, reads may conflict
compizconfig - Warning: unable to lock file /usr/share/compizconfig/upgrades/com.canonical.unity.unity.02.upgrade, reads may conflict
compizconfig - Warning: unable to lock file /usr/share/compizconfig/upgrades/com.canonical.unity.unity.03.upgrade, reads may conflict
compizconfig - Warning: unable to lock file /usr/share/compizconfig/upgrades/com.canonical.unity.unity.04.upgrade, reads may conflict
compizconfig - Warning: unable to lock file /usr/share/compizconfig/upgrades/com.canonical.unity.unity.05.upgrade, reads may conflict
compizconfig - Warning: unable to lock file /usr/share/compizconfig/upgrades/com.canonical.unity.unity.06.upgrade, reads may conflict
compizconfig - Warning: unable to lock file /usr/share/compizconfig/upgrades/com.canonical.unity.unity.07.upgrade, reads may conflict
We're already using profile 'unity', no need to switch
compizconfig - Info: Backend     : gsettings
compizconfig - Info: Integration : true
compizconfig - Info: Profile     : unity
Setting plugin 'unityshell' to active
compiz (core) - Info: Loading plugin: core
compiz (core) - Info: Starting plugin: core
compiz (core) - Info: Loading plugin: ccp
compiz (core) - Info: Starting plugin: ccp
compizconfig - Info: Backend     : gsettings
compizconfig - Info: Integration : true
compizconfig - Info: Profile     : unity
compiz (core) - Info: Loading plugin: composite
compiz (core) - Info: Starting plugin: composite
compiz (core) - Info: Loading plugin: opengl
compiz (core) - Info: Starting plugin: opengl
compiz (core) - Info: Loading plugin: compiztoolbox
compiz (core) - Info: Starting plugin: compiztoolbox
compiz (core) - Info: Loading plugin: wall
compiz (core) - Info: Starting plugin: wall
compiz (core) - Info: Loading plugin: vpswitch
compiz (core) - Info: Starting plugin: vpswitch
compiz (core) - Info: Loading plugin: grid
compiz (core) - Info: Starting plugin: grid
compiz (core) - Info: Loading plugin: move
compiz (core) - Info: Starting plugin: move
compiz (core) - Info: Loading plugin: snap
compiz (core) - Info: Starting plugin: snap
compiz (core) - Info: Loading plugin: mousepoll
compiz (core) - Info: Starting plugin: mousepoll
compiz (core) - Info: Loading plugin: regex
compiz (core) - Info: Starting plugin: regex
compiz (core) - Info: Loading plugin: place
compiz (core) - Info: Starting plugin: place
compiz (core) - Info: Loading plugin: resize
compiz (core) - Info: Starting plugin: resize
compiz (core) - Info: Loading plugin: imgpng
compiz (core) - Info: Starting plugin: imgpng
compiz (core) - Info: Loading plugin: animation
compiz (core) - Info: Starting plugin: animation
compiz (core) - Info: Loading plugin: fade
compiz (core) - Info: Starting plugin: fade
compiz (core) - Info: Loading plugin: expo
compiz (core) - Info: Starting plugin: expo
compiz (core) - Info: Loading plugin: ezoom
compiz (core) - Info: Starting plugin: ezoom
compiz (core) - Info: Loading plugin: scale
compiz (core) - Info: Starting plugin: scale
compiz (core) - Info: Loading plugin: session
compiz (core) - Info: Starting plugin: session
compiz (core) - Info: Loading plugin: workarounds
compiz (core) - Info: Starting plugin: workarounds
compiz (core) - Info: Loading plugin: switcher
compiz (core) - Info: Starting plugin: switcher
compiz (core) - Info: Loading plugin: unityshell
compiz (core) - Info: Starting plugin: unityshell
WARN  2018-11-30 16:51:09 unity.glib.dbus.server GLibDBusServer.cpp:593 Can't register object 'org.gnome.Shell' yet as we don't have a connection, waiting for it...
WARN  2018-11-30 16:51:09 unity.debug.interface DebugDBusInterface.cpp:217 Unable to load entry point in libxpathselect: libxpathselect.so.1.4: cannot open shared object file: No such file or directory -- full D-Bus introspection will not be available
WARN  2018-11-30 16:51:09 unity.glib.dbus.server GLibDBusServer.cpp:593 Can't register object 'org.gnome.SessionManager.EndSessionDialog' yet as we don't have a connection, waiting for it...
WARN  2018-11-30 16:51:09 xim.controller XIMController.cpp:103 IBus natively supported.
WARN  2018-11-30 16:51:09 unity.dash.gsettingsscopereader GSettingsScopes.cpp:108 Error fetching protocol metadata for scope: social.scope : Valid key file could not be found in search dirs
WARN  2018-11-30 16:51:09 unity.glib.dbus.server GLibDBusServer.cpp:593 Can't register object 'com.canonical.Unity.Launcher' yet as we don't have a connection, waiting for it...
WARN  2018-11-30 16:51:09 unity.glib.dbus.server GLibDBusServer.cpp:593 Can't register object 'com.canonical.Unity.Dash' yet as we don't have a connection, waiting for it...
WARN  2018-11-30 16:51:09 nux.inputmethod.ibus InputMethodIBus.cpp:67 Impossible to connect to connect to ibus
WARN  2018-11-30 16:51:09 unity.glib.dbus.server GLibDBusServer.cpp:593 Can't register object 'com.canonical.Unity.Session' yet as we don't have a connection, waiting for it...
WARN  2018-11-30 16:51:09 unity.glib.dbus.server GLibDBusServer.cpp:593 Can't register object 'org.gnome.ScreenSaver' yet as we don't have a connection, waiting for it...
ERROR 2018-11-30 16:51:10 unity.glib.dbus.server GLibDBusServer.cpp:538 DBus name lost 'org.gnome.Shell'
ERROR 2018-11-30 16:51:10 unity.glib.dbus.server GLibDBusServer.cpp:538 DBus name lost 'com.canonical.Unity'
WARN  2018-11-30 16:51:10 unity.key.gnome.grabber GnomeKeyGrabber.cpp:108 Trying to grab a disabled action, we skip it
WARN  2018-11-30 16:51:10 unity.key.gnome.grabber GnomeKeyGrabber.cpp:108 Trying to grab a disabled action, we skip it
WARN  2018-11-30 16:51:10 unity.key.gnome.grabber GnomeKeyGrabber.cpp:108 Trying to grab a disabled action, we skip it
WARN  2018-11-30 16:51:10 unity.key.gnome.grabber GnomeKeyGrabber.cpp:108 Trying to grab a disabled action, we skip it
WARN  2018-11-30 16:51:10 unity.key.gnome.grabber GnomeKeyGrabber.cpp:108 Trying to grab a disabled action, we skip it
WARN  2018-11-30 16:51:10 unity.key.gnome.grabber GnomeKeyGrabber.cpp:108 Trying to grab a disabled action, we skip it
WARN  2018-11-30 16:51:10 unity.key.gnome.grabber GnomeKeyGrabber.cpp:108 Trying to grab a disabled action, we skip it
WARN  2018-11-30 16:51:10 unity.key.gnome.grabber GnomeKeyGrabber.cpp:108 Trying to grab a disabled action, we skip it
WARN  2018-11-30 16:51:10 unity.key.gnome.grabber GnomeKeyGrabber.cpp:108 Trying to grab a disabled action, we skip it
WARN  2018-11-30 16:51:10 unity.key.gnome.grabber GnomeKeyGrabber.cpp:108 Trying to grab a disabled action, we skip it
WARN  2018-11-30 16:51:12 nux.inputmethod.ibus InputMethodIBus.cpp:67 Impossible to connect to connect to ibus
WARN  2018-11-30 16:51:16 unity.iconloader IconLoader.cpp:756 Unable to load icon file:/// at size -1x22: Can't open directory
Gkr-Message: secret service operation failed: Process org.freedesktop.secrets exited with status 1
[5752:5752:1130/165132.477646:ERROR:input_method_base.cc(146)] Not implemented reached in virtual ui::InputMethodKeyboardController *ui::InputMethodBase::GetInputMethodKeyboardController()Using InputMethodKeyboardControllerStub
Gkr-Message: secret service operation failed: Process org.freedesktop.secrets exited with status 1
[5752:5780:1130/165230.784318:ERROR:named_platform_channel_posix.cc(145)] connect /tmp/C4EF72B85A35416F08E934B137A5E637766AD5BC.70.0.3538.77_service_ipc: No such file or directory (2)
[5752:5780:1130/165230.804634:ERROR:named_platform_channel_posix.cc(145)] connect /tmp/C4EF72B85A35416F08E934B137A5E637766AD5BC.70.0.3538.77_service_ipc: No such file or directory (2)
[5752:5780:1130/165230.845209:ERROR:named_platform_channel_posix.cc(145)] connect /tmp/C4EF72B85A35416F08E934B137A5E637766AD5BC.70.0.3538.77_service_ipc: No such file or directory (2)
[5752:5780:1130/165230.925769:ERROR:named_platform_channel_posix.cc(145)] connect /tmp/C4EF72B85A35416F08E934B137A5E637766AD5BC.70.0.3538.77_service_ipc: No such file or directory (2)
[5752:5780:1130/165231.086499:ERROR:named_platform_channel_posix.cc(145)] connect /tmp/C4EF72B85A35416F08E934B137A5E637766AD5BC.70.0.3538.77_service_ipc: No such file or directory (2)
[5752:5780:1130/165231.407242:ERROR:named_platform_channel_posix.cc(145)] connect /tmp/C4EF72B85A35416F08E934B137A5E637766AD5BC.70.0.3538.77_service_ipc: No such file or directory (2)
[5752:5780:1130/165232.048465:ERROR:named_platform_channel_posix.cc(145)] connect /tmp/C4EF72B85A35416F08E934B137A5E637766AD5BC.70.0.3538.77_service_ipc: No such file or directory (2)
[5752:5780:1130/165233.330311:ERROR:named_platform_channel_posix.cc(145)] connect /tmp/C4EF72B85A35416F08E934B137A5E637766AD5BC.70.0.3538.77_service_ipc: No such file or directory (2)
[5752:5780:1130/165235.891729:ERROR:named_platform_channel_posix.cc(145)] connect /tmp/C4EF72B85A35416F08E934B137A5E637766AD5BC.70.0.3538.77_service_ipc: No such file or directory (2)
[5752:5781:1130/165241.015714:ERROR:named_platform_channel_posix.cc(145)] connect /tmp/C4EF72B85A35416F08E934B137A5E637766AD5BC.70.0.3538.77_service_ipc: No such file or directory (2)
[5752:5781:1130/165251.266542:ERROR:named_platform_channel_posix.cc(145)] connect /tmp/C4EF72B85A35416F08E934B137A5E637766AD5BC.70.0.3538.77_service_ipc: No such file or directory (2)
